Using pre-set license
Built from '2022.3/release' branch; Version is '2022.3.12f1 (4fe6e059c7ef) revision 5236448'; Using compiler version '192829333'; Build Type 'Release'
OS: 'Windows 10  (10.0.19045) 64bit CoreSingleLanguage' Language: 'tr' Physical Memory: 16262 MB
BatchMode: 1, IsHumanControllingUs: 0, StartBugReporterOnCrash: 0, Is64bit: 1, IsPro: 1

COMMAND LINE ARGUMENTS:
E:\UNITY\2022.3.12f1\Editor\Unity.exe
-adb2
-batchMode
-noUpm
-name
AssetImportWorker0
-projectPath
E:/Unityprojects/MagaraJam/MagaraJam
-logFile
Logs/AssetImportWorker0.log
-srvPort
59733
Successfully changed project path to: E:/Unityprojects/MagaraJam/MagaraJam
E:/Unityprojects/MagaraJam/MagaraJam
[UnityMemory] Configuration Parameters - Can be set up in boot.config
    "memorysetup-bucket-allocator-granularity=16"
    "memorysetup-bucket-allocator-bucket-count=8"
    "memorysetup-bucket-allocator-block-size=33554432"
    "memorysetup-bucket-allocator-block-count=8"
    "memorysetup-main-allocator-block-size=16777216"
    "memorysetup-thread-allocator-block-size=16777216"
    "memorysetup-gfx-main-allocator-block-size=16777216"
    "memorysetup-gfx-thread-allocator-block-size=16777216"
    "memorysetup-cache-allocator-block-size=4194304"
    "memorysetup-typetree-allocator-block-size=2097152"
    "memorysetup-profiler-bucket-allocator-granularity=16"
    "memorysetup-profiler-bucket-allocator-bucket-count=8"
    "memorysetup-profiler-bucket-allocator-block-size=33554432"
    "memorysetup-profiler-bucket-allocator-block-count=8"
    "memorysetup-profiler-allocator-block-size=16777216"
    "memorysetup-profiler-editor-allocator-block-size=1048576"
    "memorysetup-temp-allocator-size-main=16777216"
    "memorysetup-job-temp-allocator-block-size=2097152"
    "memorysetup-job-temp-allocator-block-size-background=1048576"
    "memorysetup-job-temp-allocator-reduction-small-platforms=262144"
    "memorysetup-allocator-temp-initial-block-size-main=262144"
    "memorysetup-allocator-temp-initial-block-size-worker=262144"
    "memorysetup-temp-allocator-size-background-worker=32768"
    "memorysetup-temp-allocator-size-job-worker=262144"
    "memorysetup-temp-allocator-size-preload-manager=33554432"
    "memorysetup-temp-allocator-size-nav-mesh-worker=65536"
    "memorysetup-temp-allocator-size-audio-worker=65536"
    "memorysetup-temp-allocator-size-cloud-worker=32768"
    "memorysetup-temp-allocator-size-gi-baking-worker=262144"
    "memorysetup-temp-allocator-size-gfx=262144"
Player connection [34496] Host "[IP] 192.168.1.106 [Port] 0 [Flags] 2 [Guid] 2338811875 [EditorId] 2338811875 [Version] 1048832 [Id] WindowsEditor(7,DESKTOP-9U981DR) [Debug] 1 [PackageName] WindowsEditor [ProjectName] Editor" joined multi-casting on [225.0.0.222:54997]...

Player connection [34496] Host "[IP] 192.168.1.106 [Port] 0 [Flags] 2 [Guid] 2338811875 [EditorId] 2338811875 [Version] 1048832 [Id] WindowsEditor(7,DESKTOP-9U981DR) [Debug] 1 [PackageName] WindowsEditor [ProjectName] Editor" joined alternative multi-casting on [225.0.0.222:34997]...

[Physics::Module] Initialized MultithreadedJobDispatcher with 7 workers.
Refreshing native plugins compatible for Editor in 19.19 ms, found 3 plugins.
Preloading 0 native plugins for Editor in 0.00 ms.
Initialize engine version: 2022.3.12f1 (4fe6e059c7ef)
[Subsystems] Discovering subsystems at path E:/UNITY/2022.3.12f1/Editor/Data/Resources/UnitySubsystems
[Subsystems] Discovering subsystems at path E:/Unityprojects/MagaraJam/MagaraJam/Assets
GfxDevice: creating device client; threaded=0; jobified=0
Direct3D:
    Version:  Direct3D 11.0 [level 11.1]
    Renderer: NVIDIA GeForce GTX 1050 Ti (ID=0x1c8c)
    Vendor:   NVIDIA
    VRAM:     4017 MB
    Driver:   31.0.15.3141
Initialize mono
Mono path[0] = 'E:/UNITY/2022.3.12f1/Editor/Data/Managed'
Mono path[1] = 'E:/UNITY/2022.3.12f1/Editor/Data/MonoBleedingEdge/lib/mono/unityjit-win32'
Mono config path = 'E:/UNITY/2022.3.12f1/Editor/Data/MonoBleedingEdge/etc'
Using monoOptions --debugger-agent=transport=dt_socket,embedding=1,server=y,suspend=n,address=127.0.0.1:56748
Begin MonoManager ReloadAssembly
Registering precompiled unity dll's ...
Register platform support module: E:/UNITY/2022.3.12f1/Editor/Data/PlaybackEngines/AndroidPlayer/UnityEditor.Android.Extensions.dll
Register platform support module: E:/UNITY/2022.3.12f1/Editor/Data/PlaybackEngines/WindowsStandaloneSupport/UnityEditor.WindowsStandalone.Extensions.dll
Registered in 0.008978 seconds.
- Loaded All Assemblies, in  0.784 seconds
Native extension for WindowsStandalone target not found
Native extension for Android target not found
Android Extension - Scanning For ADB Devices 556 ms
Mono: successfully reloaded assembly
- Finished resetting the current domain, in  1.164 seconds
Domain Reload Profiling: 1949ms
	BeginReloadAssembly (319ms)
		ExecutionOrderSort (0ms)
		DisableScriptedObjects (0ms)
		BackupInstance (0ms)
		ReleaseScriptingObjects (0ms)
		CreateAndSetChildDomain (1ms)
	RebuildCommonClasses (73ms)
	RebuildNativeTypeToScriptingClass (17ms)
	initialDomainReloadingComplete (95ms)
	LoadAllAssembliesAndSetupDomain (280ms)
		LoadAssemblies (323ms)
		RebuildTransferFunctionScriptingTraits (0ms)
		AnalyzeDomain (272ms)
			TypeCache.Refresh (269ms)
				TypeCache.ScanAssembly (245ms)
			ScanForSourceGeneratedMonoScriptInfo (1ms)
			ResolveRequiredComponents (1ms)
	FinalizeReload (1165ms)
		ReleaseScriptCaches (0ms)
		RebuildScriptCaches (0ms)
		SetupLoadedEditorAssemblies (1050ms)
			LogAssemblyErrors (0ms)
			InitializePlatformSupportModulesInManaged (768ms)
			SetLoadedEditorAssemblies (5ms)
			RefreshPlugins (0ms)
			BeforeProcessingInitializeOnLoad (4ms)
			ProcessInitializeOnLoadAttributes (186ms)
			ProcessInitializeOnLoadMethodAttributes (87ms)
			AfterProcessingInitializeOnLoad (0ms)
			EditorAssembliesLoaded (0ms)
		ExecutionOrderSort2 (0ms)
		AwakeInstancesAfterBackupRestoration (0ms)
========================================================================
Worker process is ready to serve import requests
Begin MonoManager ReloadAssembly
- Loaded All Assemblies, in  1.379 seconds
Refreshing native plugins compatible for Editor in 5.46 ms, found 3 plugins.
Native extension for WindowsStandalone target not found
Native extension for Android target not found
Package Manager log level set to [2]
[Package Manager] Server::EnsureServerProcessIsRunning -- launch failed, reason: Unity was launched with the -noUpm command-line argument
[Package Manager] UpmClient::Send -- Unable to send message (not connected to UPM process).
[Package Manager] Cannot connect to Unity Package Manager local server
Mono: successfully reloaded assembly
- Finished resetting the current domain, in  1.568 seconds
Domain Reload Profiling: 2942ms
	BeginReloadAssembly (342ms)
		ExecutionOrderSort (0ms)
		DisableScriptedObjects (17ms)
		BackupInstance (0ms)
		ReleaseScriptingObjects (0ms)
		CreateAndSetChildDomain (47ms)
	RebuildCommonClasses (73ms)
	RebuildNativeTypeToScriptingClass (21ms)
	initialDomainReloadingComplete (90ms)
	LoadAllAssembliesAndSetupDomain (847ms)
		LoadAssemblies (632ms)
		RebuildTransferFunctionScriptingTraits (0ms)
		AnalyzeDomain (400ms)
			TypeCache.Refresh (343ms)
				TypeCache.ScanAssembly (312ms)
			ScanForSourceGeneratedMonoScriptInfo (34ms)
			ResolveRequiredComponents (20ms)
	FinalizeReload (1568ms)
		ReleaseScriptCaches (0ms)
		RebuildScriptCaches (0ms)
		SetupLoadedEditorAssemblies (1144ms)
			LogAssemblyErrors (0ms)
			InitializePlatformSupportModulesInManaged (53ms)
			SetLoadedEditorAssemblies (8ms)
			RefreshPlugins (0ms)
			BeforeProcessingInitializeOnLoad (181ms)
			ProcessInitializeOnLoadAttributes (757ms)
			ProcessInitializeOnLoadMethodAttributes (140ms)
			AfterProcessingInitializeOnLoad (6ms)
			EditorAssembliesLoaded (0ms)
		ExecutionOrderSort2 (0ms)
		AwakeInstancesAfterBackupRestoration (17ms)
Launched and connected shader compiler UnityShaderCompiler.exe after 0.21 seconds
Refreshing native plugins compatible for Editor in 8.49 ms, found 3 plugins.
Preloading 0 native plugins for Editor in 0.00 ms.
Unloading 4977 Unused Serialized files (Serialized files now loaded: 0)
Unloading 73 unused Assets / (0.7 MB). Loaded Objects now: 5431.
Memory consumption went from 210.2 MB to 209.6 MB.
Total: 6.134000 ms (FindLiveObjects: 0.546600 ms CreateObjectMapping: 0.600700 ms MarkObjects: 4.623200 ms  DeleteObjects: 0.362200 ms)

AssetImportParameters requested are different than current active one (requested -> active):
  custom:container-demuxer-ogg: 62fdf1f143b41e24485cea50d1cbac27 -> 
  custom:video-decoder-ogg-theora: a1e56fd34408186e4bbccfd4996cb3dc -> 
  custom:framework-win-MediaFoundation: 216162199b28c13a410421893ffa2e32 -> 
  custom:CustomObjectIndexerAttribute: a3ef5dd2817f97addfee359851a9dba5 -> 
  custom:container-demuxer-webm: 4f35f7cbe854078d1ac9338744f61a02 -> 
  custom:container-muxer-webm: aa71ff27fc2769a1b78a27578f13a17b -> 
  custom:video-decoder-webm-vp8: 9c59270c3fd7afecdb556c50c9e8de78 -> 
  custom:SearchIndexIgnoredProperties: e643bd26f0fe6173181afceb89e7c659 -> 
  custom:AudioImporter_EditorPlatform: d09bf68614088b80899f8185d706f6e7 -> 
  custom:video-encoder-webm-vp8: eb34c28f22e8b96e1ab97ce403110664 -> 
  custom:audio-decoder-ogg-vorbis: bf7c407c2cedff20999df2af8eb42d56 -> 
  custom:audio-encoder-webm-vorbis: bf7c407c2cedff20999df2af8eb42d56 -> 
========================================================================
Received Import Request.
  Time since last request: 229584.306548 seconds.
  path: Assets/Animations/Kitchen 1.anim
  artifactKey: Guid(7daa78cb1201a314ba482f94b2bd02bd) Importer(815301076,1909f56bfc062723c751e8b465ee728b)
Start importing Assets/Animations/Kitchen 1.anim using Guid(7daa78cb1201a314ba482f94b2bd02bd) Importer(815301076,1909f56bfc062723c751e8b465ee728b)  -> (artifact id: '5b6117e68dce54764eca2c5f6170cd30') in 0.022556 seconds
Number of updated asset objects reloaded before import = 0
Number of asset objects unloaded after import = 1
========================================================================
Received Import Request.
  Time since last request: 31.491644 seconds.
  path: Assets/Animations/Doors.controller
  artifactKey: Guid(85de44822090b3941b7a31babd032dd6) Importer(815301076,1909f56bfc062723c751e8b465ee728b)
Start importing Assets/Animations/Doors.controller using Guid(85de44822090b3941b7a31babd032dd6) Importer(815301076,1909f56bfc062723c751e8b465ee728b)  -> (artifact id: '2987957e1420e5017b6394da8b69ddf3') in 0.001935 seconds
Number of updated asset objects reloaded before import = 0
Number of asset objects unloaded after import = 1
========================================================================
Received Import Request.
  Time since last request: 192.926746 seconds.
  path: Assets/Animations/Kitchen.controller
  artifactKey: Guid(85de44822090b3941b7a31babd032dd6) Importer(815301076,1909f56bfc062723c751e8b465ee728b)
Start importing Assets/Animations/Kitchen.controller using Guid(85de44822090b3941b7a31babd032dd6) Importer(815301076,1909f56bfc062723c751e8b465ee728b)  -> (artifact id: '1c88a6be133a6ceb9db5c4e34b9dde68') in 0.003725 seconds
Number of updated asset objects reloaded before import = 0
Number of asset objects unloaded after import = 10
========================================================================
Received Import Request.
  Time since last request: 4.720375 seconds.
  path: Assets/Animations/Kitchen 1.controller
  artifactKey: Guid(c5693b3e2d9d98a48b2937a35d1934f0) Importer(815301076,1909f56bfc062723c751e8b465ee728b)
Start importing Assets/Animations/Kitchen 1.controller using Guid(c5693b3e2d9d98a48b2937a35d1934f0) Importer(815301076,1909f56bfc062723c751e8b465ee728b)  -> (artifact id: '48c0b6edb92453f20d23b858d14f45f7') in 0.002305 seconds
Number of updated asset objects reloaded before import = 0
Number of asset objects unloaded after import = 10
========================================================================
Received Import Request.
  Time since last request: 1.258786 seconds.
  path: Assets/Animations/Kitchen 2.controller
  artifactKey: Guid(daa8b1be09f23434782f6b1313dde399) Importer(815301076,1909f56bfc062723c751e8b465ee728b)
Start importing Assets/Animations/Kitchen 2.controller using Guid(daa8b1be09f23434782f6b1313dde399) Importer(815301076,1909f56bfc062723c751e8b465ee728b)  -> (artifact id: 'fdacc38c45176d2ad3a84849a73ccc67') in 0.004323 seconds
Number of updated asset objects reloaded before import = 0
Number of asset objects unloaded after import = 10
========================================================================
Received Import Request.
  Time since last request: 1.570677 seconds.
  path: Assets/Animations/Kitchen 3.controller
  artifactKey: Guid(25187b40c668ac64a9a79476d83a18cd) Importer(815301076,1909f56bfc062723c751e8b465ee728b)
Start importing Assets/Animations/Kitchen 3.controller using Guid(25187b40c668ac64a9a79476d83a18cd) Importer(815301076,1909f56bfc062723c751e8b465ee728b)  -> (artifact id: 'd8b122ad194c62d1957a9a5c5e7635bb') in 0.002188 seconds
Number of updated asset objects reloaded before import = 0
Number of asset objects unloaded after import = 10
========================================================================
Received Import Request.
  Time since last request: 46.940766 seconds.
  path: Assets/Animations/Basement.controller
  artifactKey: Guid(c5693b3e2d9d98a48b2937a35d1934f0) Importer(815301076,1909f56bfc062723c751e8b465ee728b)
Start importing Assets/Animations/Basement.controller using Guid(c5693b3e2d9d98a48b2937a35d1934f0) Importer(815301076,1909f56bfc062723c751e8b465ee728b)  -> (artifact id: '42922d85f9919ead2b980b34954f8c2f') in 0.003237 seconds
Number of updated asset objects reloaded before import = 0
Number of asset objects unloaded after import = 10
========================================================================
Received Import Request.
  Time since last request: 37.228955 seconds.
  path: Assets/Animations/Kitchen 1.anim
  artifactKey: Guid(7daa78cb1201a314ba482f94b2bd02bd) Importer(815301076,1909f56bfc062723c751e8b465ee728b)
Start importing Assets/Animations/Kitchen 1.anim using Guid(7daa78cb1201a314ba482f94b2bd02bd) Importer(815301076,1909f56bfc062723c751e8b465ee728b)  -> (artifact id: '49d36d533c0db01c27b8efca848199ac') in 0.004421 seconds
Number of updated asset objects reloaded before import = 0
Number of asset objects unloaded after import = 1
========================================================================
Received Import Request.
  Time since last request: 241.475905 seconds.
  path: Assets/Animations/Basement.anim
  artifactKey: Guid(d12f227463c064645a0da3376dbfccac) Importer(815301076,1909f56bfc062723c751e8b465ee728b)
Start importing Assets/Animations/Basement.anim using Guid(d12f227463c064645a0da3376dbfccac) Importer(815301076,1909f56bfc062723c751e8b465ee728b)  -> (artifact id: '14987861d097f0b1791519a54a0b3702') in 0.001861 seconds
Number of updated asset objects reloaded before import = 0
Number of asset objects unloaded after import = 1
========================================================================
Received Import Request.
  Time since last request: 2.264190 seconds.
  path: Assets/Animations/Basement 1.anim
  artifactKey: Guid(f847f7b1dd96311469ac4d4d6f519b14) Importer(815301076,1909f56bfc062723c751e8b465ee728b)
Start importing Assets/Animations/Basement 1.anim using Guid(f847f7b1dd96311469ac4d4d6f519b14) Importer(815301076,1909f56bfc062723c751e8b465ee728b)  -> (artifact id: 'b32698577613c735ac237797ec56b32f') in 0.003757 seconds
Number of updated asset objects reloaded before import = 0
Number of asset objects unloaded after import = 1
========================================================================
Received Import Request.
  Time since last request: 33.913946 seconds.
  path: Assets/Animations/Basement.controller
  artifactKey: Guid(c5693b3e2d9d98a48b2937a35d1934f0) Importer(815301076,1909f56bfc062723c751e8b465ee728b)
Start importing Assets/Animations/Basement.controller using Guid(c5693b3e2d9d98a48b2937a35d1934f0) Importer(815301076,1909f56bfc062723c751e8b465ee728b)  -> (artifact id: 'ddd631182782f3de040d7dcae327f288') in 0.002063 seconds
Number of updated asset objects reloaded before import = 0
Number of asset objects unloaded after import = 10
========================================================================
Received Import Request.
  Time since last request: 225.115283 seconds.
  path: Assets/Animations/Bedroom.anim
  artifactKey: Guid(01c0ba7a9e1ea464c88b40a88d711460) Importer(815301076,1909f56bfc062723c751e8b465ee728b)
Start importing Assets/Animations/Bedroom.anim using Guid(01c0ba7a9e1ea464c88b40a88d711460) Importer(815301076,1909f56bfc062723c751e8b465ee728b)  -> (artifact id: '0a82cf3e1764e7f768b0787c637729fb') in 0.002224 seconds
Number of updated asset objects reloaded before import = 0
Number of asset objects unloaded after import = 1
========================================================================
Received Import Request.
  Time since last request: 11.638047 seconds.
  path: Assets/Animations/Basement.anim
  artifactKey: Guid(d12f227463c064645a0da3376dbfccac) Importer(815301076,1909f56bfc062723c751e8b465ee728b)
Start importing Assets/Animations/Basement.anim using Guid(d12f227463c064645a0da3376dbfccac) Importer(815301076,1909f56bfc062723c751e8b465ee728b)  -> (artifact id: '36dd43766594ddcb2022d9bd5f8e7add') in 0.001828 seconds
Number of updated asset objects reloaded before import = 0
Number of asset objects unloaded after import = 1
========================================================================
Received Import Request.
  Time since last request: 5.268782 seconds.
  path: Assets/Animations/Bedroom 1.anim
  artifactKey: Guid(f36bbd8e6f402a84aadc9e791080ff21) Importer(815301076,1909f56bfc062723c751e8b465ee728b)
Start importing Assets/Animations/Bedroom 1.anim using Guid(f36bbd8e6f402a84aadc9e791080ff21) Importer(815301076,1909f56bfc062723c751e8b465ee728b)  -> (artifact id: 'e099d8d28b6ecb470b2ce41fc1662867') in 0.002861 seconds
Number of updated asset objects reloaded before import = 0
Number of asset objects unloaded after import = 1
========================================================================
Received Import Request.
  Time since last request: 19.230097 seconds.
  path: Assets/Animations/Basement.controller
  artifactKey: Guid(c5693b3e2d9d98a48b2937a35d1934f0) Importer(815301076,1909f56bfc062723c751e8b465ee728b)
Start importing Assets/Animations/Basement.controller using Guid(c5693b3e2d9d98a48b2937a35d1934f0) Importer(815301076,1909f56bfc062723c751e8b465ee728b)  -> (artifact id: '219ca719e9604b2972d364a4c4accc58') in 0.002926 seconds
Number of updated asset objects reloaded before import = 0
Number of asset objects unloaded after import = 10
========================================================================
Received Import Request.
  Time since last request: 3.627683 seconds.
  path: Assets/Animations/Basement 1.controller
  artifactKey: Guid(bc7d9ccc294b7e94d9ab8561ccb7f666) Importer(815301076,1909f56bfc062723c751e8b465ee728b)
Start importing Assets/Animations/Basement 1.controller using Guid(bc7d9ccc294b7e94d9ab8561ccb7f666) Importer(815301076,1909f56bfc062723c751e8b465ee728b)  -> (artifact id: '602e19750edc79f85a91b3667a1734a1') in 0.002508 seconds
Number of updated asset objects reloaded before import = 0
Number of asset objects unloaded after import = 10
========================================================================
Received Import Request.
  Time since last request: 44.863596 seconds.
  path: Assets/Animations/Bedroom.controller
  artifactKey: Guid(bc7d9ccc294b7e94d9ab8561ccb7f666) Importer(815301076,1909f56bfc062723c751e8b465ee728b)
Start importing Assets/Animations/Bedroom.controller using Guid(bc7d9ccc294b7e94d9ab8561ccb7f666) Importer(815301076,1909f56bfc062723c751e8b465ee728b)  -> (artifact id: 'c25d6aae5d89b865c44d17c80709e8b4') in 0.002653 seconds
Number of updated asset objects reloaded before import = 0
Number of asset objects unloaded after import = 10
========================================================================
Received Import Request.
  Time since last request: 8.600660 seconds.
  path: Assets/Animations/Basement.anim
  artifactKey: Guid(d12f227463c064645a0da3376dbfccac) Importer(815301076,1909f56bfc062723c751e8b465ee728b)
Start importing Assets/Animations/Basement.anim using Guid(d12f227463c064645a0da3376dbfccac) Importer(815301076,1909f56bfc062723c751e8b465ee728b)  -> (artifact id: '365b927ef7d5cffbd289fdab2d492b87') in 0.002256 seconds
Number of updated asset objects reloaded before import = 0
Number of asset objects unloaded after import = 1
========================================================================
Received Import Request.
  Time since last request: 91.678155 seconds.
  path: Assets/Animations/Bathroom.anim
  artifactKey: Guid(23e25531d551d0e4586379d4eb39c038) Importer(815301076,1909f56bfc062723c751e8b465ee728b)
Start importing Assets/Animations/Bathroom.anim using Guid(23e25531d551d0e4586379d4eb39c038) Importer(815301076,1909f56bfc062723c751e8b465ee728b)  -> (artifact id: '85afe2faae7744b4e6f2c924bd535040') in 0.001722 seconds
Number of updated asset objects reloaded before import = 0
Number of asset objects unloaded after import = 1
========================================================================
Received Import Request.
  Time since last request: 8.163266 seconds.
  path: Assets/Animations/Bathroom 1.anim
  artifactKey: Guid(bdd7a5f226bea764fad7b855b0265db5) Importer(815301076,1909f56bfc062723c751e8b465ee728b)
Start importing Assets/Animations/Bathroom 1.anim using Guid(bdd7a5f226bea764fad7b855b0265db5) Importer(815301076,1909f56bfc062723c751e8b465ee728b)  -> (artifact id: 'c98d0567784d4fe1e6d0e3949d4c3ff9') in 0.001664 seconds
Number of updated asset objects reloaded before import = 0
Number of asset objects unloaded after import = 1
========================================================================
Received Import Request.
  Time since last request: 20.345864 seconds.
  path: Assets/Animations/Basement 1.controller
  artifactKey: Guid(da023636b0ec6414e8ad48ba74fbbd3c) Importer(815301076,1909f56bfc062723c751e8b465ee728b)
Start importing Assets/Animations/Basement 1.controller using Guid(da023636b0ec6414e8ad48ba74fbbd3c) Importer(815301076,1909f56bfc062723c751e8b465ee728b)  -> (artifact id: 'e964c237af5c1b2696178404e5c9c7fe') in 0.004578 seconds
Number of updated asset objects reloaded before import = 0
Number of asset objects unloaded after import = 10
========================================================================
Received Import Request.
  Time since last request: 6.785112 seconds.
  path: Assets/Animations/Bathroom.controller
  artifactKey: Guid(da023636b0ec6414e8ad48ba74fbbd3c) Importer(815301076,1909f56bfc062723c751e8b465ee728b)
Start importing Assets/Animations/Bathroom.controller using Guid(da023636b0ec6414e8ad48ba74fbbd3c) Importer(815301076,1909f56bfc062723c751e8b465ee728b)  -> (artifact id: '110f432044595b295d8c02953003b8b8') in 0.002284 seconds
Number of updated asset objects reloaded before import = 0
Number of asset objects unloaded after import = 10
========================================================================
Received Prepare
Begin MonoManager ReloadAssembly
- Loaded All Assemblies, in  0.799 seconds
Refreshing native plugins compatible for Editor in 5.54 ms, found 3 plugins.
Native extension for WindowsStandalone target not found
Native extension for Android target not found
[Package Manager] Server::EnsureServerProcessIsRunning -- launch failed, reason: Unity was launched with the -noUpm command-line argument
[Package Manager] UpmClient::Send -- Unable to send message (not connected to UPM process).
[Package Manager] Cannot connect to Unity Package Manager local server
Mono: successfully reloaded assembly
- Finished resetting the current domain, in  6.384 seconds
Domain Reload Profiling: 7183ms
	BeginReloadAssembly (274ms)
		ExecutionOrderSort (0ms)
		DisableScriptedObjects (7ms)
		BackupInstance (0ms)
		ReleaseScriptingObjects (0ms)
		CreateAndSetChildDomain (58ms)
	RebuildCommonClasses (61ms)
	RebuildNativeTypeToScriptingClass (16ms)
	initialDomainReloadingComplete (38ms)
	LoadAllAssembliesAndSetupDomain (409ms)
		LoadAssemblies (508ms)
		RebuildTransferFunctionScriptingTraits (0ms)
		AnalyzeDomain (70ms)
			TypeCache.Refresh (18ms)
				TypeCache.ScanAssembly (2ms)
			ScanForSourceGeneratedMonoScriptInfo (34ms)
			ResolveRequiredComponents (17ms)
	FinalizeReload (6385ms)
		ReleaseScriptCaches (0ms)
		RebuildScriptCaches (0ms)
		SetupLoadedEditorAssemblies (831ms)
			LogAssemblyErrors (0ms)
			InitializePlatformSupportModulesInManaged (38ms)
			SetLoadedEditorAssemblies (8ms)
			RefreshPlugins (0ms)
			BeforeProcessingInitializeOnLoad (159ms)
			ProcessInitializeOnLoadAttributes (510ms)
			ProcessInitializeOnLoadMethodAttributes (107ms)
			AfterProcessingInitializeOnLoad (9ms)
			EditorAssembliesLoaded (0ms)
		ExecutionOrderSort2 (0ms)
		AwakeInstancesAfterBackupRestoration (25ms)
Refreshing native plugins compatible for Editor in 5.92 ms, found 3 plugins.
Preloading 0 native plugins for Editor in 0.00 ms.
Unloading 4819 Unused Serialized files (Serialized files now loaded: 0)
Unloading 48 unused Assets / (0.6 MB). Loaded Objects now: 5436.
Memory consumption went from 184.4 MB to 183.7 MB.
Total: 9.054900 ms (FindLiveObjects: 0.753800 ms CreateObjectMapping: 1.195900 ms MarkObjects: 6.758600 ms  DeleteObjects: 0.345100 ms)

Prepare: number of updated asset objects reloaded= 0
AssetImportParameters requested are different than current active one (requested -> active):
  custom:container-demuxer-ogg: 62fdf1f143b41e24485cea50d1cbac27 -> 
  custom:video-decoder-ogg-theora: a1e56fd34408186e4bbccfd4996cb3dc -> 
  custom:framework-win-MediaFoundation: 216162199b28c13a410421893ffa2e32 -> 
  custom:CustomObjectIndexerAttribute: a3ef5dd2817f97addfee359851a9dba5 -> 
  custom:container-demuxer-webm: 4f35f7cbe854078d1ac9338744f61a02 -> 
  custom:container-muxer-webm: aa71ff27fc2769a1b78a27578f13a17b -> 
  custom:video-decoder-webm-vp8: 9c59270c3fd7afecdb556c50c9e8de78 -> 
  custom:SearchIndexIgnoredProperties: e643bd26f0fe6173181afceb89e7c659 -> 
  custom:AudioImporter_EditorPlatform: d09bf68614088b80899f8185d706f6e7 -> 
  custom:video-encoder-webm-vp8: eb34c28f22e8b96e1ab97ce403110664 -> 
  custom:audio-decoder-ogg-vorbis: bf7c407c2cedff20999df2af8eb42d56 -> 
  custom:audio-encoder-webm-vorbis: bf7c407c2cedff20999df2af8eb42d56 -> 
========================================================================
Received Prepare
Begin MonoManager ReloadAssembly
- Loaded All Assemblies, in  0.863 seconds
Refreshing native plugins compatible for Editor in 7.25 ms, found 3 plugins.
Native extension for WindowsStandalone target not found
Native extension for Android target not found
[Package Manager] Server::EnsureServerProcessIsRunning -- launch failed, reason: Unity was launched with the -noUpm command-line argument
[Package Manager] UpmClient::Send -- Unable to send message (not connected to UPM process).
[Package Manager] Cannot connect to Unity Package Manager local server
Mono: successfully reloaded assembly
- Finished resetting the current domain, in  2.316 seconds
Domain Reload Profiling: 3174ms
	BeginReloadAssembly (293ms)
		ExecutionOrderSort (0ms)
		DisableScriptedObjects (7ms)
		BackupInstance (0ms)
		ReleaseScriptingObjects (0ms)
		CreateAndSetChildDomain (62ms)
	RebuildCommonClasses (68ms)
	RebuildNativeTypeToScriptingClass (19ms)
	initialDomainReloadingComplete (38ms)
	LoadAllAssembliesAndSetupDomain (439ms)
		LoadAssemblies (550ms)
		RebuildTransferFunctionScriptingTraits (0ms)
		AnalyzeDomain (73ms)
			TypeCache.Refresh (13ms)
				TypeCache.ScanAssembly (1ms)
			ScanForSourceGeneratedMonoScriptInfo (40ms)
			ResolveRequiredComponents (19ms)
	FinalizeReload (2317ms)
		ReleaseScriptCaches (0ms)
		RebuildScriptCaches (0ms)
		SetupLoadedEditorAssemblies (958ms)
			LogAssemblyErrors (0ms)
			InitializePlatformSupportModulesInManaged (45ms)
			SetLoadedEditorAssemblies (7ms)
			RefreshPlugins (0ms)
			BeforeProcessingInitializeOnLoad (199ms)
			ProcessInitializeOnLoadAttributes (584ms)
			ProcessInitializeOnLoadMethodAttributes (113ms)
			AfterProcessingInitializeOnLoad (9ms)
			EditorAssembliesLoaded (0ms)
		ExecutionOrderSort2 (0ms)
		AwakeInstancesAfterBackupRestoration (39ms)
Refreshing native plugins compatible for Editor in 6.17 ms, found 3 plugins.
Preloading 0 native plugins for Editor in 0.00 ms.
Unloading 4819 Unused Serialized files (Serialized files now loaded: 0)
Unloading 48 unused Assets / (0.6 MB). Loaded Objects now: 5440.
Memory consumption went from 186.3 MB to 185.7 MB.
Total: 6.695800 ms (FindLiveObjects: 0.485700 ms CreateObjectMapping: 0.618600 ms MarkObjects: 5.247800 ms  DeleteObjects: 0.342000 ms)

Prepare: number of updated asset objects reloaded= 0
AssetImportParameters requested are different than current active one (requested -> active):
  custom:container-demuxer-ogg: 62fdf1f143b41e24485cea50d1cbac27 -> 
  custom:video-decoder-ogg-theora: a1e56fd34408186e4bbccfd4996cb3dc -> 
  custom:framework-win-MediaFoundation: 216162199b28c13a410421893ffa2e32 -> 
  custom:CustomObjectIndexerAttribute: a3ef5dd2817f97addfee359851a9dba5 -> 
  custom:container-demuxer-webm: 4f35f7cbe854078d1ac9338744f61a02 -> 
  custom:container-muxer-webm: aa71ff27fc2769a1b78a27578f13a17b -> 
  custom:video-decoder-webm-vp8: 9c59270c3fd7afecdb556c50c9e8de78 -> 
  custom:SearchIndexIgnoredProperties: e643bd26f0fe6173181afceb89e7c659 -> 
  custom:AudioImporter_EditorPlatform: d09bf68614088b80899f8185d706f6e7 -> 
  custom:video-encoder-webm-vp8: eb34c28f22e8b96e1ab97ce403110664 -> 
  custom:audio-decoder-ogg-vorbis: bf7c407c2cedff20999df2af8eb42d56 -> 
  custom:audio-encoder-webm-vorbis: bf7c407c2cedff20999df2af8eb42d56 -> 
